Requirement already satisfied: accelerate in c:\program files\mailspreader\venv\lib\site-packages (from -r requirements.txt (line 1)) (1.7.0)
Requirement already satisfied: attrs==25.3.0 in c:\program files\mailspreader\venv\lib\site-packages (from -r requirements.txt (line 2)) (25.3.0)
Requirement already satisfied: certifi==2025.4.26 in c:\program files\mailspreader\venv\lib\site-packages (from -r requirements.txt (line 3)) (2025.4.26)
Requirement already satisfied: cffi==1.17.1 in c:\program files\mailspreader\venv\lib\site-packages (from -r requirements.txt (line 4)) (1.17.1)
Requirement already satisfied: charset-normalizer==3.4.2 in c:\program files\mailspreader\venv\lib\site-packages (from -r requirements.txt (line 5)) (3.4.2)
Requirement already satisfied: colorama==0.4.6 in c:\program files\mailspreader\venv\lib\site-packages (from -r requirements.txt (line 6)) (0.4.6)
Requirement already satisfied: filelock==3.18.0 in c:\program files\mailspreader\venv\lib\site-packages (from -r requirements.txt (line 7)) (3.18.0)
Requirement already satisfied: fsspec==2025.5.1 in c:\program files\mailspreader\venv\lib\site-packages (from -r requirements.txt (line 8)) (2025.5.1)
Requirement already satisfied: h11==0.16.0 in c:\program files\mailspreader\venv\lib\site-packages (from -r requirements.txt (line 9)) (0.16.0)
Requirement already satisfied: huggingface-hub==0.32.3 in c:\program files\mailspreader\venv\lib\site-packages (from -r requirements.txt (line 10)) (0.32.3)
Requirement already satisfied: idna==3.10 in c:\program files\mailspreader\venv\lib\site-packages (from -r requirements.txt (line 11)) (3.10)
Requirement already satisfied: Jinja2==3.1.6 in c:\program files\mailspreader\venv\lib\site-packages (from -r requirements.txt (line 12)) (3.1.6)
Requirement already satisfied: MarkupSafe==3.0.2 in c:\program files\mailspreader\venv\lib\site-packages (from -r requirements.txt (line 13)) (3.0.2)
Requirement already satisfied: mpmath==1.3.0 in c:\program files\mailspreader\venv\lib\site-packages (from -r requirements.txt (line 14)) (1.3.0)
Requirement already satisfied: networkx==3.5 in c:\program files\mailspreader\venv\lib\site-packages (from -r requirements.txt (line 15)) (3.5)
Requirement already satisfied: numpy==2.2.6 in c:\program files\mailspreader\venv\lib\site-packages (from -r requirements.txt (line 16)) (2.2.6)
Requirement already satisfied: outcome==1.3.0.post0 in c:\program files\mailspreader\venv\lib\site-packages (from -r requirements.txt (line 17)) (1.3.0.post0)
Requirement already satisfied: packaging==25.0 in c:\program files\mailspreader\venv\lib\site-packages (from -r requirements.txt (line 18)) (25.0)
Requirement already satisfied: pillow==11.2.1 in c:\program files\mailspreader\venv\lib\site-packages (from -r requirements.txt (line 19)) (11.2.1)
Requirement already satisfied: pycparser==2.22 in c:\program files\mailspreader\venv\lib\site-packages (from -r requirements.txt (line 20)) (2.22)
Requirement already satisfied: PySocks==1.7.1 in c:\program files\mailspreader\venv\lib\site-packages (from -r requirements.txt (line 21)) (1.7.1)
Requirement already satisfied: PyYAML==6.0.2 in c:\program files\mailspreader\venv\lib\site-packages (from -r requirements.txt (line 22)) (6.0.2)
Requirement already satisfied: regex==2024.11.6 in c:\program files\mailspreader\venv\lib\site-packages (from -r requirements.txt (line 23)) (2024.11.6)
Requirement already satisfied: requests==2.32.3 in c:\program files\mailspreader\venv\lib\site-packages (from -r requirements.txt (line 24)) (2.32.3)
Requirement already satisfied: safetensors==0.5.3 in c:\program files\mailspreader\venv\lib\site-packages (from -r requirements.txt (line 25)) (0.5.3)
Requirement already satisfied: selenium==4.33.0 in c:\program files\mailspreader\venv\lib\site-packages (from -r requirements.txt (line 26)) (4.33.0)
Requirement already satisfied: setuptools==80.9.0 in c:\program files\mailspreader\venv\lib\site-packages (from -r requirements.txt (line 27)) (80.9.0)
Requirement already satisfied: sniffio==1.3.1 in c:\program files\mailspreader\venv\lib\site-packages (from -r requirements.txt (line 28)) (1.3.1)
Requirement already satisfied: sortedcontainers==2.4.0 in c:\program files\mailspreader\venv\lib\site-packages (from -r requirements.txt (line 29)) (2.4.0)
Requirement already satisfied: sympy==1.14.0 in c:\program files\mailspreader\venv\lib\site-packages (from -r requirements.txt (line 30)) (1.14.0)
Requirement already satisfied: tokenizers==0.21.1 in c:\program files\mailspreader\venv\lib\site-packages (from -r requirements.txt (line 31)) (0.21.1)
Requirement already satisfied: torch==2.7.0 in c:\program files\mailspreader\venv\lib\site-packages (from -r requirements.txt (line 32)) (2.7.0)
Requirement already satisfied: torchaudio==2.7.0 in c:\program files\mailspreader\venv\lib\site-packages (from -r requirements.txt (line 33)) (2.7.0)
Requirement already satisfied: torchvision==0.22.0 in c:\program files\mailspreader\venv\lib\site-packages (from -r requirements.txt (line 34)) (0.22.0)
Requirement already satisfied: tqdm==4.67.1 in c:\program files\mailspreader\venv\lib\site-packages (from -r requirements.txt (line 35)) (4.67.1)
Requirement already satisfied: transformers==4.52.4 in c:\program files\mailspreader\venv\lib\site-packages (from -r requirements.txt (line 36)) (4.52.4)
Requirement already satisfied: trio==0.30.0 in c:\program files\mailspreader\venv\lib\site-packages (from -r requirements.txt (line 37)) (0.30.0)
Requirement already satisfied: trio-websocket==0.12.2 in c:\program files\mailspreader\venv\lib\site-packages (from -r requirements.txt (line 38)) (0.12.2)
Requirement already satisfied: typing_extensions==4.13.2 in c:\program files\mailspreader\venv\lib\site-packages (from -r requirements.txt (line 39)) (4.13.2)
Requirement already satisfied: undetected-chromedriver==3.5.5 in c:\program files\mailspreader\venv\lib\site-packages (from -r requirements.txt (line 40)) (3.5.5)
Requirement already satisfied: urllib3==2.4.0 in c:\program files\mailspreader\venv\lib\site-packages (from -r requirements.txt (line 41)) (2.4.0)
Requirement already satisfied: websocket-client==1.8.0 in c:\program files\mailspreader\venv\lib\site-packages (from -r requirements.txt (line 42)) (1.8.0)
Requirement already satisfied: websockets==15.0.1 in c:\program files\mailspreader\venv\lib\site-packages (from -r requirements.txt (line 43)) (15.0.1)
Requirement already satisfied: wsproto==1.2.0 in c:\program files\mailspreader\venv\lib\site-packages (from -r requirements.txt (line 44)) (1.2.0)
Requirement already satisfied: psutil in c:\program files\mailspreader\venv\lib\site-packages (from accelerate->-r requirements.txt (line 1)) (7.0.0)

[notice] A new release of pip is available: 24.2 -> 25.1.1
[notice] To update, run: python.exe -m pip install --upgrade pip
